<?xml version="1.0" encoding="UTF-8"?>
<!-- Generated by org.testng.reporters.JUnitReportReporter -->
<testsuite hostname="DESKTOP-0C32FSB" failures="0" tests="1" name="simplePackage.Samplecodesecretkey" time="13.594" errors="0" timestamp="2025-03-30T13:26:18 IST" skipped="0">
  <testcase classname="simplePackage.Samplecodesecretkey" name="setup" time="13.594"/>
</testsuite> <!-- simplePackage.Samplecodesecretkey -->
